  [1m[35m (341.4ms)[0m  [1m[35mCREATE DATABASE "ashademy_development" ENCODING = 'unicode'[0m
  ↳ bin/rails:9
  [1m[35m (78.9ms)[0m  [1m[35mCREATE DATABASE "ashademy_test" ENCODING = 'unicode'[0m
  ↳ bin/rails:9
Started GET "/" for ::1 at 2021-04-05 10:31:18 -0700
Processing by StaticPagesController#root as HTML
  Rendering static_pages/root.html.erb within layouts/application
  Rendered static_pages/root.html.erb within layouts/application (1.5ms)
Completed 200 OK in 1280ms (Views: 1277.9ms | ActiveRecord: 0.0ms)


Started GET "/" for ::1 at 2021-04-05 10:43:42 -0700

ActiveRecord::PendingMigrationError - Migrations are pending. To resolve this issue, run:
        bin/rails db:migrate RAILS_ENV=development:

Started POST "/__better_errors/20ffda73c29f7b02/variables" for ::1 at 2021-04-05 10:43:43 -0700
  [1m[35m (49.1ms)[0m  [1m[35mCREATE TABLE "schema_migrations" ("version" character varying NOT NULL PRIMARY KEY)[0m
  ↳ bin/rails:9
  [1m[35m (4.9ms)[0m  [1m[35mCREATE TABLE "ar_internal_metadata" ("key" character varying NOT NULL PRIMARY KEY, "value" character varying, "created_at" timestamp NOT NULL, "updated_at" timestamp NOT NULL)[0m
  ↳ bin/rails:9
  [1m[35m (1.2ms)[0m  [1m[34mSELECT pg_try_advisory_lock(7916070792105728385)[0m
  ↳ bin/rails:9
  [1m[35m (0.9ms)[0m  [1m[34mSELECT "schema_migrations"."version" FROM "schema_migrations" ORDER BY "schema_migrations"."version" ASC[0m
  ↳ bin/rails:9
Migrating to CreateUsers (20210405173153)
  [1m[35m (0.1ms)[0m  [1m[35mBEGIN[0m
  ↳ bin/rails:9
  [1m[35m (18.4ms)[0m  [1m[35mCREATE TABLE "users" ("id" bigserial primary key, "username" character varying NOT NULL, "password_digest" character varying NOT NULL, "session_token" character varying NOT NULL, "image_url" character varying, "created_at" timestamp NOT NULL, "updated_at" timestamp NOT NULL)[0m
  ↳ db/migrate/20210405173153_create_users.rb:3
  [1m[35m (1.8ms)[0m  [1m[35mCREATE UNIQUE INDEX  "index_users_on_username" ON "users"  ("username")[0m
  ↳ db/migrate/20210405173153_create_users.rb:10
  [1m[35m (0.8ms)[0m  [1m[35mCREATE UNIQUE INDEX  "index_users_on_session_token" ON "users"  ("session_token")[0m
  ↳ db/migrate/20210405173153_create_users.rb:11
  [1m[36mActiveRecord::SchemaMigration Create (2.8ms)[0m  [1m[32mINSERT INTO "schema_migrations" ("version") VALUES ($1) RETURNING "version"[0m  [["version", "20210405173153"]]
  ↳ bin/rails:9
  [1m[35m (0.3ms)[0m  [1m[35mCOMMIT[0m
  ↳ bin/rails:9
  [1m[36mActiveRecord::InternalMetadata Load (0.6ms)[0m  [1m[34mSELECT  "ar_internal_metadata".* FROM "ar_internal_metadata" WHERE "ar_internal_metadata"."key" = $1 LIMIT $2[0m  [["key", "environment"], ["LIMIT", 1]]
  ↳ bin/rails:9
  [1m[35m (0.2ms)[0m  [1m[35mBEGIN[0m
  ↳ bin/rails:9
  [1m[36mActiveRecord::InternalMetadata Create (0.9ms)[0m  [1m[32mINSERT INTO "ar_internal_metadata" ("key", "value", "created_at", "updated_at") VALUES ($1, $2, $3, $4) RETURNING "key"[0m  [["key", "environment"], ["value", "development"], ["created_at", "2021-04-05 17:47:18.445255"], ["updated_at", "2021-04-05 17:47:18.445255"]]
  ↳ bin/rails:9
  [1m[35m (0.2ms)[0m  [1m[35mCOMMIT[0m
  ↳ bin/rails:9
  [1m[35m (0.3ms)[0m  [1m[34mSELECT pg_advisory_unlock(7916070792105728385)[0m
  ↳ bin/rails:9
  [1m[35m (0.2ms)[0m  [1m[34mSELECT "schema_migrations"."version" FROM "schema_migrations" ORDER BY "schema_migrations"."version" ASC[0m
  ↳ bin/rails:9
Started GET "/" for ::1 at 2021-04-05 10:47:29 -0700
  [1m[35m (1.0ms)[0m  [1m[34mSELECT "schema_migrations"."version" FROM "schema_migrations" ORDER BY "schema_migrations"."version" ASC[0m
  ↳ /Users/linyuan/.rbenv/versions/2.5.1/lib/ruby/gems/2.5.0/gems/activerecord-5.2.5/lib/active_record/log_subscriber.rb:98
Processing by StaticPagesController#root as HTML
  Rendering static_pages/root.html.erb within layouts/application
  Rendered static_pages/root.html.erb within layouts/application (1.7ms)
Completed 200 OK in 459ms (Views: 450.7ms | ActiveRecord: 0.0ms)


Started GET "/" for ::1 at 2021-04-05 10:52:49 -0700
Processing by StaticPagesController#root as HTML
  Rendering static_pages/root.html.erb within layouts/application
  Rendered static_pages/root.html.erb within layouts/application (0.8ms)
Completed 200 OK in 432ms (Views: 427.9ms | ActiveRecord: 0.0ms)


  [1m[36mUser Load (2.5ms)[0m  [1m[34mSELECT "users".* FROM "users"[0m
  [1m[35m (0.2ms)[0m  [1m[35mBEGIN[0m
  [1m[36mUser Exists (1.3ms)[0m  [1m[34mSELECT  1 AS one FROM "users" WHERE "users"."username" = $1 LIMIT $2[0m  [["username", "Lin Yuan"], ["LIMIT", 1]]
  [1m[36mUser Exists (0.4ms)[0m  [1m[34mSELECT  1 AS one FROM "users" WHERE "users"."session_token" = $1 LIMIT $2[0m  [["session_token", "w5IzfBK+kAVn7fdLaF0f3w=="], ["LIMIT", 1]]
  [1m[36mUser Create (5.1ms)[0m  [1m[32mINSERT INTO "users" ("username", "password_digest", "session_token", "created_at", "updated_at") VALUES ($1, $2, $3, $4, $5) RETURNING "id"[0m  [["username", "Lin Yuan"], ["password_digest", "$2a$12$y4n/yvEZRDinI83Ma4zG8Or5JG9v.PB1sGhd26h9.5dIHsdySieD."], ["session_token", "w5IzfBK+kAVn7fdLaF0f3w=="], ["created_at", "2021-04-05 18:18:16.038792"], ["updated_at", "2021-04-05 18:18:16.038792"]]
  [1m[35m (0.8ms)[0m  [1m[35mCOMMIT[0m
  [1m[36mUser Load (2.8ms)[0m  [1m[34mSELECT "users".* FROM "users"[0m
  [1m[35m (0.1ms)[0m  [1m[35mBEGIN[0m
  [1m[36mUser Exists (0.4ms)[0m  [1m[34mSELECT  1 AS one FROM "users" WHERE "users"."username" = $1 LIMIT $2[0m  [["username", "Alan"], ["LIMIT", 1]]
  [1m[36mUser Exists (0.3ms)[0m  [1m[34mSELECT  1 AS one FROM "users" WHERE "users"."session_token" = $1 LIMIT $2[0m  [["session_token", "vR3f4aO6orH0gcFyzWzl6A=="], ["LIMIT", 1]]
  [1m[36mUser Create (0.3ms)[0m  [1m[32mINSERT INTO "users" ("username", "password_digest", "session_token", "created_at", "updated_at") VALUES ($1, $2, $3, $4, $5) RETURNING "id"[0m  [["username", "Alan"], ["password_digest", "$2a$12$cFy/EvEvAuF9XkRiapV4WOIavBssCGbyV1eMwZy3EePFgd0ICeOsa"], ["session_token", "vR3f4aO6orH0gcFyzWzl6A=="], ["created_at", "2021-04-05 18:19:55.238603"], ["updated_at", "2021-04-05 18:19:55.238603"]]
  [1m[35m (3.1ms)[0m  [1m[35mCOMMIT[0m
  [1m[36mUser Load (0.4ms)[0m  [1m[34mSELECT "users".* FROM "users"[0m
Started GET "/" for ::1 at 2021-04-05 11:38:35 -0700
Processing by StaticPagesController#root as HTML
  Rendering static_pages/root.html.erb within layouts/application
  Rendered static_pages/root.html.erb within layouts/application (0.5ms)
Completed 200 OK in 384ms (Views: 379.9ms | ActiveRecord: 0.0ms)


Started GET "/" for ::1 at 2021-04-05 11:38:48 -0700
Processing by StaticPagesController#root as HTML
  Rendering static_pages/root.html.erb within layouts/application
  Rendered static_pages/root.html.erb within layouts/application (0.4ms)
Completed 200 OK in 84ms (Views: 80.8ms | ActiveRecord: 0.0ms)


Started GET "/" for ::1 at 2021-04-05 11:39:04 -0700
Processing by StaticPagesController#root as HTML
  Rendering static_pages/root.html.erb within layouts/application
  Rendered static_pages/root.html.erb within layouts/application (0.3ms)
Completed 200 OK in 310ms (Views: 307.9ms | ActiveRecord: 0.0ms)


Started GET "/" for ::1 at 2021-04-05 11:39:12 -0700
Processing by StaticPagesController#root as HTML
  Rendering static_pages/root.html.erb within layouts/application
  Rendered static_pages/root.html.erb within layouts/application (0.3ms)
Completed 200 OK in 34ms (Views: 31.3ms | ActiveRecord: 0.0ms)


Started GET "/" for ::1 at 2021-04-05 11:39:25 -0700
Processing by StaticPagesController#root as HTML
  Rendering static_pages/root.html.erb within layouts/application
  Rendered static_pages/root.html.erb within layouts/application (0.6ms)
Completed 200 OK in 332ms (Views: 329.6ms | ActiveRecord: 0.0ms)


Started GET "/api/users/1" for ::1 at 2021-04-05 11:40:05 -0700
Processing by Api::UsersController#show as JSON
  Parameters: {"id"=>"1"}
  [1m[36mUser Load (0.7ms)[0m  [1m[34mSELECT  "users".* FROM "users" WHERE "users"."id" = $1 LIMIT $2[0m  [["id", 1], ["LIMIT", 1]]
  ↳ app/controllers/api/users_controller.rb:3
  Rendering api/users/show.json.jbuilder
  Rendered api/users/show.json.jbuilder (250.3ms)
Completed 500 Internal Server Error in 294ms (ActiveRecord: 10.3ms)



NameError - undefined local variable or method `user' for #<#<Class:0x00007f98b41c4d38>:0x00007f98b41bf2e8>
Did you mean?  @user:
  app/views/api/users/show.json.jbuilder:1:in `_app_views_api_users_show_json_jbuilder___4461666951822724850_70146916741000'
  app/controllers/api/users_controller.rb:4:in `show'

Started GET "/api/users/1" for ::1 at 2021-04-05 11:40:15 -0700
Processing by Api::UsersController#show as JSON
  Parameters: {"id"=>"1"}
  [1m[36mUser Load (0.8ms)[0m  [1m[34mSELECT  "users".* FROM "users" WHERE "users"."id" = $1 LIMIT $2[0m  [["id", 1], ["LIMIT", 1]]
  ↳ app/controllers/api/users_controller.rb:3
  Rendering api/users/show.json.jbuilder
  Rendered api/users/show.json.jbuilder (388.1ms)
Completed 500 Internal Server Error in 398ms (ActiveRecord: 0.8ms)



NameError - undefined local variable or method `user' for #<#<Class:0x00007f98b41c4d38>:0x00007f98b0cfec70>
Did you mean?  @user:
  app/views/api/users/show.json.jbuilder:1:in `_app_views_api_users_show_json_jbuilder___4461666951822724850_70146947022100'
  app/controllers/api/users_controller.rb:4:in `show'

Started GET "/" for ::1 at 2021-04-05 11:41:52 -0700
Processing by StaticPagesController#root as HTML
  Rendering static_pages/root.html.erb within layouts/application
  Rendered static_pages/root.html.erb within layouts/application (0.8ms)
Completed 200 OK in 412ms (Views: 408.0ms | ActiveRecord: 0.0ms)


Started GET "/" for ::1 at 2021-04-05 11:44:36 -0700
Processing by StaticPagesController#root as HTML
  Rendering static_pages/root.html.erb within layouts/application
  Rendered static_pages/root.html.erb within layouts/application (0.2ms)
Completed 200 OK in 23ms (Views: 20.9ms | ActiveRecord: 0.0ms)


Started GET "/" for ::1 at 2021-04-05 11:45:15 -0700
Processing by StaticPagesController#root as HTML
  Rendering static_pages/root.html.erb within layouts/application
  Rendered static_pages/root.html.erb within layouts/application (0.3ms)
Completed 200 OK in 361ms (Views: 358.2ms | ActiveRecord: 0.0ms)


Started GET "/api/users/1" for ::1 at 2021-04-05 11:45:26 -0700
Processing by Api::UsersController#show as JSON
  Parameters: {"id"=>"1"}
  [1m[36mUser Load (1.4ms)[0m  [1m[34mSELECT  "users".* FROM "users" WHERE "users"."id" = $1 LIMIT $2[0m  [["id", 1], ["LIMIT", 1]]
  ↳ app/controllers/api/users_controller.rb:3
  Rendering api/users/show.json.jbuilder
  Rendered api/users/show.json.jbuilder (344.9ms)
Completed 500 Internal Server Error in 358ms (ActiveRecord: 1.8ms)



NameError - undefined local variable or method `user' for #<#<Class:0x00007f98b41c4d38>:0x00007f98b411f4c8>
Did you mean?  @user:
  app/views/api/users/show.json.jbuilder:1:in `_app_views_api_users_show_json_jbuilder___4461666951822724850_70146916413360'
  app/controllers/api/users_controller.rb:4:in `show'

Started GET "/" for ::1 at 2021-04-05 11:46:48 -0700
Processing by StaticPagesController#root as HTML
  Rendering static_pages/root.html.erb within layouts/application
  Rendered static_pages/root.html.erb within layouts/application (0.3ms)
Completed 200 OK in 24ms (Views: 21.9ms | ActiveRecord: 0.0ms)


Started POST "/api/users" for ::1 at 2021-04-05 11:55:50 -0700
Processing by Api::UsersController#create as JSON
  Parameters: {"user"=>{"username"=>"RUI", "password"=>"[FILTERED]"}}
  [1m[35m (0.1ms)[0m  [1m[35mBEGIN[0m
  ↳ app/controllers/api/users_controller.rb:10
  [1m[36mUser Exists (1.2ms)[0m  [1m[34mSELECT  1 AS one FROM "users" WHERE "users"."username" = $1 LIMIT $2[0m  [["username", "RUI"], ["LIMIT", 1]]
  ↳ app/controllers/api/users_controller.rb:10
  [1m[36mUser Exists (0.3ms)[0m  [1m[34mSELECT  1 AS one FROM "users" WHERE "users"."session_token" = $1 LIMIT $2[0m  [["session_token", "Jy+NbOXHrFs+fUNXqMCWuQ=="], ["LIMIT", 1]]
  ↳ app/controllers/api/users_controller.rb:10
  [1m[36mUser Create (0.7ms)[0m  [1m[32mINSERT INTO "users" ("username", "password_digest", "session_token", "created_at", "updated_at") VALUES ($1, $2, $3, $4, $5) RETURNING "id"[0m  [["username", "RUI"], ["password_digest", "$2a$12$ZkfZJFCJbR3wwzAE10tEdOhafnxLC3Vi7JP43IDjotdLq/kP8LBuG"], ["session_token", "Jy+NbOXHrFs+fUNXqMCWuQ=="], ["created_at", "2021-04-05 18:55:51.195532"], ["updated_at", "2021-04-05 18:55:51.195532"]]
  ↳ app/controllers/api/users_controller.rb:10
  [1m[35m (3.4ms)[0m  [1m[35mCOMMIT[0m
  ↳ app/controllers/api/users_controller.rb:10
  [1m[35m (0.3ms)[0m  [1m[35mBEGIN[0m
  ↳ app/models/user.rb:26
  [1m[36mUser Exists (0.4ms)[0m  [1m[34mSELECT  1 AS one FROM "users" WHERE "users"."username" = $1 AND "users"."id" != $2 LIMIT $3[0m  [["username", "RUI"], ["id", 3], ["LIMIT", 1]]
  ↳ app/models/user.rb:26
  [1m[36mUser Exists (0.3ms)[0m  [1m[34mSELECT  1 AS one FROM "users" WHERE "users"."session_token" = $1 AND "users"."id" != $2 LIMIT $3[0m  [["session_token", "CVBkVF1SzzYbxc1qVKMcFQ=="], ["id", 3], ["LIMIT", 1]]
  ↳ app/models/user.rb:26
  [1m[36mUser Update (6.6ms)[0m  [1m[33mUPDATE "users" SET "session_token" = $1, "updated_at" = $2 WHERE "users"."id" = $3[0m  [["session_token", "CVBkVF1SzzYbxc1qVKMcFQ=="], ["updated_at", "2021-04-05 18:55:51.207372"], ["id", 3]]
  ↳ app/models/user.rb:26
  [1m[35m (0.4ms)[0m  [1m[35mCOMMIT[0m
  ↳ app/models/user.rb:26
  Rendering api/users/show.json.jbuilder
  Rendered api/users/show.json.jbuilder (437.4ms)
Completed 500 Internal Server Error in 690ms (ActiveRecord: 13.7ms)



NameError - undefined local variable or method `user' for #<#<Class:0x00007f98b41c4d38>:0x00007f98b7d147a8>
Did you mean?  @user:
  app/views/api/users/show.json.jbuilder:1:in `_app_views_api_users_show_json_jbuilder___4461666951822724850_70146900973820'
  app/controllers/api/users_controller.rb:12:in `create'

Started GET "/" for ::1 at 2021-04-05 11:56:24 -0700
Processing by StaticPagesController#root as HTML
  Rendering static_pages/root.html.erb within layouts/application
  Rendered static_pages/root.html.erb within layouts/application (0.3ms)
Completed 200 OK in 36ms (Views: 33.1ms | ActiveRecord: 0.0ms)


Started GET "/" for ::1 at 2021-04-05 11:57:05 -0700
Processing by StaticPagesController#root as HTML
  Rendering static_pages/root.html.erb within layouts/application
  Rendered static_pages/root.html.erb within layouts/application (0.3ms)
Completed 200 OK in 37ms (Views: 34.2ms | ActiveRecord: 0.0ms)


Started POST "/api/users" for ::1 at 2021-04-05 11:57:09 -0700
Processing by Api::UsersController#create as JSON
  Parameters: {"user"=>{"username"=>"RUI", "password"=>"[FILTERED]"}}
  [1m[35m (0.1ms)[0m  [1m[35mBEGIN[0m
  ↳ app/controllers/api/users_controller.rb:10
  [1m[36mUser Exists (2.1ms)[0m  [1m[34mSELECT  1 AS one FROM "users" WHERE "users"."username" = $1 LIMIT $2[0m  [["username", "RUI"], ["LIMIT", 1]]
  ↳ app/controllers/api/users_controller.rb:10
  [1m[36mUser Exists (0.4ms)[0m  [1m[34mSELECT  1 AS one FROM "users" WHERE "users"."session_token" = $1 LIMIT $2[0m  [["session_token", "1twUak0kLWpFwOUGChkBFQ=="], ["LIMIT", 1]]
  ↳ app/controllers/api/users_controller.rb:10
  [1m[35m (9.9ms)[0m  [1m[31mROLLBACK[0m
  ↳ app/controllers/api/users_controller.rb:10
Completed 422 Unprocessable Entity in 241ms (Views: 0.2ms | ActiveRecord: 12.5ms)


Started GET "/" for ::1 at 2021-04-05 11:59:34 -0700
Processing by StaticPagesController#root as HTML
  Rendering static_pages/root.html.erb within layouts/application
  Rendered static_pages/root.html.erb within layouts/application (0.3ms)
Completed 200 OK in 44ms (Views: 40.1ms | ActiveRecord: 0.0ms)


Started GET "/" for ::1 at 2021-04-05 12:01:07 -0700
Processing by StaticPagesController#root as HTML
  Rendering static_pages/root.html.erb within layouts/application
  Rendered static_pages/root.html.erb within layouts/application (0.3ms)
Completed 200 OK in 340ms (Views: 336.9ms | ActiveRecord: 0.0ms)


Started GET "/" for ::1 at 2021-04-05 12:03:21 -0700
Processing by StaticPagesController#root as HTML
  Rendering static_pages/root.html.erb within layouts/application
  Rendered static_pages/root.html.erb within layouts/application (0.4ms)
Completed 200 OK in 40ms (Views: 37.5ms | ActiveRecord: 0.0ms)


Started GET "/api/users" for ::1 at 2021-04-05 12:03:30 -0700
  
ActionController::RoutingError (No route matches [GET] "/api/users"):
  
actionpack (5.2.5) lib/action_dispatch/middleware/debug_exceptions.rb:65:in `call'
web-console (3.7.0) lib/web_console/middleware.rb:135:in `call_app'
web-console (3.7.0) lib/web_console/middleware.rb:30:in `block in call'
web-console (3.7.0) lib/web_console/middleware.rb:20:in `catch'
web-console (3.7.0) lib/web_console/middleware.rb:20:in `call'
actionpack (5.2.5) lib/action_dispatch/middleware/show_exceptions.rb:33:in `call'
railties (5.2.5) lib/rails/rack/logger.rb:38:in `call_app'
railties (5.2.5) lib/rails/rack/logger.rb:26:in `block in call'
activesupport (5.2.5) lib/active_support/tagged_logging.rb:71:in `block in tagged'
activesupport (5.2.5) lib/active_support/tagged_logging.rb:28:in `tagged'
activesupport (5.2.5) lib/active_support/tagged_logging.rb:71:in `tagged'
railties (5.2.5) lib/rails/rack/logger.rb:26:in `call'
sprockets-rails (3.2.2) lib/sprockets/rails/quiet_assets.rb:13:in `call'
actionpack (5.2.5) lib/action_dispatch/middleware/remote_ip.rb:81:in `call'
actionpack (5.2.5) lib/action_dispatch/middleware/request_id.rb:27:in `call'
rack (2.2.3) lib/rack/method_override.rb:24:in `call'
rack (2.2.3) lib/rack/runtime.rb:22:in `call'
activesupport (5.2.5) lib/active_support/cache/strategy/local_cache_middleware.rb:29:in `call'
actionpack (5.2.5) lib/action_dispatch/middleware/executor.rb:14:in `call'
actionpack (5.2.5) lib/action_dispatch/middleware/static.rb:127:in `call'
rack (2.2.3) lib/rack/sendfile.rb:110:in `call'
railties (5.2.5) lib/rails/engine.rb:524:in `call'
puma (3.12.6) lib/puma/configuration.rb:227:in `call'
puma (3.12.6) lib/puma/server.rb:706:in `handle_request'
puma (3.12.6) lib/puma/server.rb:476:in `process_client'
puma (3.12.6) lib/puma/server.rb:334:in `block in run'
puma (3.12.6) lib/puma/thread_pool.rb:135:in `block in spawn_thread'
Started GET "/" for ::1 at 2021-04-05 12:04:51 -0700
Processing by StaticPagesController#root as HTML
  Rendering static_pages/root.html.erb within layouts/application
  Rendered static_pages/root.html.erb within layouts/application (0.4ms)
Completed 200 OK in 41ms (Views: 38.2ms | ActiveRecord: 0.0ms)


Started GET "/api/users" for ::1 at 2021-04-05 12:04:53 -0700
Processing by Api::UsersController#index as JSON
  Rendering api/users/index.json.jbuilder
  Rendered api/users/index.json.jbuilder (4.2ms)
Completed 500 Internal Server Error in 17ms (ActiveRecord: 0.0ms)



NoMethodError - undefined method `each' for nil:NilClass:
  app/views/api/users/index.json.jbuilder:1:in `_app_views_api_users_index_json_jbuilder___1745331568366550308_70146892139960'
  app/controllers/api/users_controller.rb:5:in `index'

  [1m[36mUser Load (0.8ms)[0m  [1m[34mSELECT "users".* FROM "users"[0m
Started GET "/" for ::1 at 2021-04-05 12:06:28 -0700
Processing by StaticPagesController#root as HTML
  Rendering static_pages/root.html.erb within layouts/application
  Rendered static_pages/root.html.erb within layouts/application (0.4ms)
Completed 200 OK in 23ms (Views: 21.1ms | ActiveRecord: 0.0ms)


Started GET "/api/users" for ::1 at 2021-04-05 12:06:31 -0700
Processing by Api::UsersController#index as JSON
  Rendering api/users/index.json.jbuilder
  [1m[36mUser Load (0.4ms)[0m  [1m[34mSELECT "users".* FROM "users"[0m
  ↳ app/views/api/users/index.json.jbuilder:1
  Rendered api/users/index.json.jbuilder (19.4ms)
Completed 200 OK in 32ms (Views: 17.1ms | ActiveRecord: 10.8ms)


Started GET "/" for ::1 at 2021-04-05 12:07:18 -0700
Processing by StaticPagesController#root as HTML
  Rendering static_pages/root.html.erb within layouts/application
  Rendered static_pages/root.html.erb within layouts/application (0.3ms)
Completed 200 OK in 323ms (Views: 320.1ms | ActiveRecord: 0.0ms)


Started GET "/api/users/1" for ::1 at 2021-04-05 12:07:27 -0700
Processing by Api::UsersController#show as JSON
  Parameters: {"id"=>"1"}
  [1m[36mUser Load (0.6ms)[0m  [1m[34mSELECT  "users".* FROM "users" WHERE "users"."id" = $1 LIMIT $2[0m  [["id", 1], ["LIMIT", 1]]
  ↳ app/controllers/api/users_controller.rb:9
  Rendering api/users/show.json.jbuilder
  Rendered api/users/show.json.jbuilder (0.7ms)
Completed 200 OK in 13ms (Views: 9.2ms | ActiveRecord: 1.5ms)


Started POST "/api/session" for ::1 at 2021-04-05 12:08:15 -0700
Processing by Api::SessionsController#create as JSON
  Parameters: {"user"=>{"username"=>"Lin Yuan", "password"=>"[FILTERED]"}}
  [1m[36mUser Load (0.6ms)[0m  [1m[34mSELECT  "users".* FROM "users" WHERE "users"."username" = $1 LIMIT $2[0m  [["username", "Lin Yuan"], ["LIMIT", 1]]
  ↳ app/models/user.rb:10
  [1m[35m (0.2ms)[0m  [1m[35mBEGIN[0m
  ↳ app/models/user.rb:26
  [1m[36mUser Exists (0.8ms)[0m  [1m[34mSELECT  1 AS one FROM "users" WHERE "users"."username" = $1 AND "users"."id" != $2 LIMIT $3[0m  [["username", "Lin Yuan"], ["id", 1], ["LIMIT", 1]]
  ↳ app/models/user.rb:26
  [1m[36mUser Exists (0.4ms)[0m  [1m[34mSELECT  1 AS one FROM "users" WHERE "users"."session_token" = $1 AND "users"."id" != $2 LIMIT $3[0m  [["session_token", "Lvn7cxJLqVWCZYRFI6RlSg=="], ["id", 1], ["LIMIT", 1]]
  ↳ app/models/user.rb:26
  [1m[36mUser Update (0.5ms)[0m  [1m[33mUPDATE "users" SET "session_token" = $1, "updated_at" = $2 WHERE "users"."id" = $3[0m  [["session_token", "Lvn7cxJLqVWCZYRFI6RlSg=="], ["updated_at", "2021-04-05 19:08:15.850810"], ["id", 1]]
  ↳ app/models/user.rb:26
  [1m[35m (1.7ms)[0m  [1m[35mCOMMIT[0m
  ↳ app/models/user.rb:26
  Rendering api/users/show.json.jbuilder
  Rendered api/users/show.json.jbuilder (0.4ms)
Completed 200 OK in 223ms (Views: 6.5ms | ActiveRecord: 4.2ms)


Started POST "/api/users" for ::1 at 2021-04-05 12:08:40 -0700
Processing by Api::UsersController#create as JSON
  Parameters: {"user"=>{"username"=>"LY", "password"=>"[FILTERED]"}}
  [1m[35m (0.2ms)[0m  [1m[35mBEGIN[0m
  ↳ app/controllers/api/users_controller.rb:16
  [1m[36mUser Exists (0.4ms)[0m  [1m[34mSELECT  1 AS one FROM "users" WHERE "users"."username" = $1 LIMIT $2[0m  [["username", "LY"], ["LIMIT", 1]]
  ↳ app/controllers/api/users_controller.rb:16
  [1m[36mUser Exists (0.4ms)[0m  [1m[34mSELECT  1 AS one FROM "users" WHERE "users"."session_token" = $1 LIMIT $2[0m  [["session_token", "PpxzVxVWgDrprz7xEIzB/w=="], ["LIMIT", 1]]
  ↳ app/controllers/api/users_controller.rb:16
  [1m[36mUser Create (1.0ms)[0m  [1m[32mINSERT INTO "users" ("username", "password_digest", "session_token", "created_at", "updated_at") VALUES ($1, $2, $3, $4, $5) RETURNING "id"[0m  [["username", "LY"], ["password_digest", "$2a$12$Z0WIKB.Am/MdCZ8dEnz.re2VvGoez/FAIMpKZhTNBkstfAlD4kKge"], ["session_token", "PpxzVxVWgDrprz7xEIzB/w=="], ["created_at", "2021-04-05 19:08:41.092945"], ["updated_at", "2021-04-05 19:08:41.092945"]]
  ↳ app/controllers/api/users_controller.rb:16
  [1m[35m (0.6ms)[0m  [1m[35mCOMMIT[0m
  ↳ app/controllers/api/users_controller.rb:16
  [1m[35m (0.1ms)[0m  [1m[35mBEGIN[0m
  ↳ app/models/user.rb:26
  [1m[36mUser Exists (0.4ms)[0m  [1m[34mSELECT  1 AS one FROM "users" WHERE "users"."username" = $1 AND "users"."id" != $2 LIMIT $3[0m  [["username", "LY"], ["id", 4], ["LIMIT", 1]]
  ↳ app/models/user.rb:26
  [1m[36mUser Exists (0.3ms)[0m  [1m[34mSELECT  1 AS one FROM "users" WHERE "users"."session_token" = $1 AND "users"."id" != $2 LIMIT $3[0m  [["session_token", "JujozBRpjGMDfT+iHstCwA=="], ["id", 4], ["LIMIT", 1]]
  ↳ app/models/user.rb:26
  [1m[36mUser Update (0.4ms)[0m  [1m[33mUPDATE "users" SET "session_token" = $1, "updated_at" = $2 WHERE "users"."id" = $3[0m  [["session_token", "JujozBRpjGMDfT+iHstCwA=="], ["updated_at", "2021-04-05 19:08:41.098437"], ["id", 4]]
  ↳ app/models/user.rb:26
  [1m[35m (0.5ms)[0m  [1m[35mCOMMIT[0m
  ↳ app/models/user.rb:26
  Rendering api/users/show.json.jbuilder
  Rendered api/users/show.json.jbuilder (0.5ms)
Completed 200 OK in 224ms (Views: 6.1ms | ActiveRecord: 4.4ms)


Started DELETE "/api/session" for ::1 at 2021-04-05 12:09:05 -0700
Processing by Api::SessionsController#destroy as JSON
  [1m[36mUser Load (0.3ms)[0m  [1m[34mSELECT  "users".* FROM "users" WHERE "users"."session_token" = $1 LIMIT $2[0m  [["session_token", "JujozBRpjGMDfT+iHstCwA=="], ["LIMIT", 1]]
  ↳ app/controllers/application_controller.rb:8
  [1m[35m (0.3ms)[0m  [1m[35mBEGIN[0m
  ↳ app/models/user.rb:26
  [1m[36mUser Exists (0.5ms)[0m  [1m[34mSELECT  1 AS one FROM "users" WHERE "users"."username" = $1 AND "users"."id" != $2 LIMIT $3[0m  [["username", "LY"], ["id", 4], ["LIMIT", 1]]
  ↳ app/models/user.rb:26
  [1m[36mUser Exists (0.7ms)[0m  [1m[34mSELECT  1 AS one FROM "users" WHERE "users"."session_token" = $1 AND "users"."id" != $2 LIMIT $3[0m  [["session_token", "bTm2kTL9yCA2He2Awwa7dg=="], ["id", 4], ["LIMIT", 1]]
  ↳ app/models/user.rb:26
  [1m[36mUser Update (0.4ms)[0m  [1m[33mUPDATE "users" SET "session_token" = $1, "updated_at" = $2 WHERE "users"."id" = $3[0m  [["session_token", "bTm2kTL9yCA2He2Awwa7dg=="], ["updated_at", "2021-04-05 19:09:05.846076"], ["id", 4]]
  ↳ app/models/user.rb:26
  [1m[35m (0.7ms)[0m  [1m[35mCOMMIT[0m
  ↳ app/models/user.rb:26
  Rendering api/users/show.json.jbuilder
  Rendered api/users/show.json.jbuilder (0.4ms)
Completed 200 OK in 14ms (Views: 6.2ms | ActiveRecord: 2.8ms)


Started GET "/api/users" for ::1 at 2021-04-05 12:09:46 -0700
Processing by Api::UsersController#index as JSON
  Rendering api/users/index.json.jbuilder
  [1m[36mUser Load (0.4ms)[0m  [1m[34mSELECT "users".* FROM "users"[0m
  ↳ app/views/api/users/index.json.jbuilder:1
  Rendered api/users/index.json.jbuilder (2.4ms)
Completed 200 OK in 11ms (Views: 9.9ms | ActiveRecord: 0.4ms)


Started GET "/" for ::1 at 2021-04-05 12:10:46 -0700
Processing by StaticPagesController#root as HTML
  Rendering static_pages/root.html.erb within layouts/application
  Rendered static_pages/root.html.erb within layouts/application (0.3ms)
Completed 200 OK in 34ms (Views: 30.5ms | ActiveRecord: 0.0ms)


Started GET "/api/users" for ::1 at 2021-04-05 12:10:49 -0700
Processing by Api::UsersController#index as JSON
  Rendering api/users/index.json.jbuilder
  [1m[36mUser Load (0.3ms)[0m  [1m[34mSELECT "users".* FROM "users"[0m
  ↳ app/views/api/users/index.json.jbuilder:1
  Rendered api/users/index.json.jbuilder (1.7ms)
Completed 200 OK in 10ms (Views: 9.8ms | ActiveRecord: 0.3ms)


Started GET "/api/users/4" for ::1 at 2021-04-05 12:11:19 -0700
Processing by Api::UsersController#show as JSON
  Parameters: {"id"=>"4"}
  [1m[36mUser Load (0.3ms)[0m  [1m[34mSELECT  "users".* FROM "users" WHERE "users"."id" = $1 LIMIT $2[0m  [["id", 4], ["LIMIT", 1]]
  ↳ app/controllers/api/users_controller.rb:9
  Rendering api/users/show.json.jbuilder
  Rendered api/users/show.json.jbuilder (0.4ms)
Completed 200 OK in 12ms (Views: 8.7ms | ActiveRecord: 1.8ms)


Started POST "/api/session" for ::1 at 2021-04-05 12:12:01 -0700
Processing by Api::SessionsController#create as JSON
  Parameters: {"user"=>{"username"=>"Lin Yuan", "password"=>"[FILTERED]"}}
  [1m[36mUser Load (0.3ms)[0m  [1m[34mSELECT  "users".* FROM "users" WHERE "users"."username" = $1 LIMIT $2[0m  [["username", "Lin Yuan"], ["LIMIT", 1]]
  ↳ app/models/user.rb:10
  [1m[35m (0.2ms)[0m  [1m[35mBEGIN[0m
  ↳ app/models/user.rb:26
  [1m[36mUser Exists (0.6ms)[0m  [1m[34mSELECT  1 AS one FROM "users" WHERE "users"."username" = $1 AND "users"."id" != $2 LIMIT $3[0m  [["username", "Lin Yuan"], ["id", 1], ["LIMIT", 1]]
  ↳ app/models/user.rb:26
  [1m[36mUser Exists (0.4ms)[0m  [1m[34mSELECT  1 AS one FROM "users" WHERE "users"."session_token" = $1 AND "users"."id" != $2 LIMIT $3[0m  [["session_token", "AEsrNw7iE7wvb3VG8Pul8A=="], ["id", 1], ["LIMIT", 1]]
  ↳ app/models/user.rb:26
  [1m[36mUser Update (1.4ms)[0m  [1m[33mUPDATE "users" SET "session_token" = $1, "updated_at" = $2 WHERE "users"."id" = $3[0m  [["session_token", "AEsrNw7iE7wvb3VG8Pul8A=="], ["updated_at", "2021-04-05 19:12:01.895874"], ["id", 1]]
  ↳ app/models/user.rb:26
  [1m[35m (0.3ms)[0m  [1m[35mCOMMIT[0m
  ↳ app/models/user.rb:26
  Rendering api/users/show.json.jbuilder
  Rendered api/users/show.json.jbuilder (0.4ms)
Completed 200 OK in 221ms (Views: 6.3ms | ActiveRecord: 3.3ms)


Started DELETE "/api/session" for ::1 at 2021-04-05 12:12:29 -0700
Processing by Api::SessionsController#destroy as JSON
  [1m[36mUser Load (0.3ms)[0m  [1m[34mSELECT  "users".* FROM "users" WHERE "users"."session_token" = $1 LIMIT $2[0m  [["session_token", "AEsrNw7iE7wvb3VG8Pul8A=="], ["LIMIT", 1]]
  ↳ app/controllers/application_controller.rb:8
  [1m[35m (0.5ms)[0m  [1m[35mBEGIN[0m
  ↳ app/models/user.rb:26
  [1m[36mUser Exists (2.3ms)[0m  [1m[34mSELECT  1 AS one FROM "users" WHERE "users"."username" = $1 AND "users"."id" != $2 LIMIT $3[0m  [["username", "Lin Yuan"], ["id", 1], ["LIMIT", 1]]
  ↳ app/models/user.rb:26
  [1m[36mUser Exists (0.6ms)[0m  [1m[34mSELECT  1 AS one FROM "users" WHERE "users"."session_token" = $1 AND "users"."id" != $2 LIMIT $3[0m  [["session_token", "eLNKofL5sX+BhDd/drzUYA=="], ["id", 1], ["LIMIT", 1]]
  ↳ app/models/user.rb:26
  [1m[36mUser Update (0.6ms)[0m  [1m[33mUPDATE "users" SET "session_token" = $1, "updated_at" = $2 WHERE "users"."id" = $3[0m  [["session_token", "eLNKofL5sX+BhDd/drzUYA=="], ["updated_at", "2021-04-05 19:12:29.104880"], ["id", 1]]
  ↳ app/models/user.rb:26
  [1m[35m (1.7ms)[0m  [1m[35mCOMMIT[0m
  ↳ app/models/user.rb:26
  Rendering api/users/show.json.jbuilder
  Rendered api/users/show.json.jbuilder (0.6ms)
Completed 200 OK in 21ms (Views: 8.9ms | ActiveRecord: 6.1ms)


Started POST "/api/users" for ::1 at 2021-04-05 12:13:00 -0700
Processing by Api::UsersController#create as JSON
  Parameters: {"user"=>{"username"=>"MS", "password"=>"[FILTERED]"}}
  [1m[35m (0.1ms)[0m  [1m[35mBEGIN[0m
  ↳ app/controllers/api/users_controller.rb:16
  [1m[36mUser Exists (0.4ms)[0m  [1m[34mSELECT  1 AS one FROM "users" WHERE "users"."username" = $1 LIMIT $2[0m  [["username", "MS"], ["LIMIT", 1]]
  ↳ app/controllers/api/users_controller.rb:16
  [1m[36mUser Exists (0.7ms)[0m  [1m[34mSELECT  1 AS one FROM "users" WHERE "users"."session_token" = $1 LIMIT $2[0m  [["session_token", "yxB7uQOxcWOg9aWfup+H6Q=="], ["LIMIT", 1]]
  ↳ app/controllers/api/users_controller.rb:16
  [1m[36mUser Create (0.3ms)[0m  [1m[32mINSERT INTO "users" ("username", "password_digest", "session_token", "created_at", "updated_at") VALUES ($1, $2, $3, $4, $5) RETURNING "id"[0m  [["username", "MS"], ["password_digest", "$2a$12$4HJYHeLX3cjhYKLJzXxAm.gzsT53xcCK0eva5PVYql7ljVC.Scl7a"], ["session_token", "yxB7uQOxcWOg9aWfup+H6Q=="], ["created_at", "2021-04-05 19:13:00.640977"], ["updated_at", "2021-04-05 19:13:00.640977"]]
  ↳ app/controllers/api/users_controller.rb:16
  [1m[35m (0.6ms)[0m  [1m[35mCOMMIT[0m
  ↳ app/controllers/api/users_controller.rb:16
  [1m[35m (0.2ms)[0m  [1m[35mBEGIN[0m
  ↳ app/models/user.rb:26
  [1m[36mUser Exists (0.3ms)[0m  [1m[34mSELECT  1 AS one FROM "users" WHERE "users"."username" = $1 AND "users"."id" != $2 LIMIT $3[0m  [["username", "MS"], ["id", 5], ["LIMIT", 1]]
  ↳ app/models/user.rb:26
  [1m[36mUser Exists (0.3ms)[0m  [1m[34mSELECT  1 AS one FROM "users" WHERE "users"."session_token" = $1 AND "users"."id" != $2 LIMIT $3[0m  [["session_token", "eeFJRi4iYxmXR3uONhoONw=="], ["id", 5], ["LIMIT", 1]]
  ↳ app/models/user.rb:26
  [1m[36mUser Update (1.1ms)[0m  [1m[33mUPDATE "users" SET "session_token" = $1, "updated_at" = $2 WHERE "users"."id" = $3[0m  [["session_token", "eeFJRi4iYxmXR3uONhoONw=="], ["updated_at", "2021-04-05 19:13:00.645233"], ["id", 5]]
  ↳ app/models/user.rb:26
  [1m[35m (0.5ms)[0m  [1m[35mCOMMIT[0m
  ↳ app/models/user.rb:26
  Rendering api/users/show.json.jbuilder
  Rendered api/users/show.json.jbuilder (0.4ms)
Completed 200 OK in 226ms (Views: 6.2ms | ActiveRecord: 4.5ms)


Started GET "/api/users" for ::1 at 2021-04-05 12:13:10 -0700
Processing by Api::UsersController#index as JSON
  Rendering api/users/index.json.jbuilder
  [1m[36mUser Load (0.4ms)[0m  [1m[34mSELECT "users".* FROM "users"[0m
  ↳ app/views/api/users/index.json.jbuilder:1
  Rendered api/users/index.json.jbuilder (2.0ms)
Completed 200 OK in 9ms (Views: 8.9ms | ActiveRecord: 0.4ms)


